C:/Users/Wanderson Pontes/Downloads/TESTE/md__-win-g3020_2-1_02-ea34_2\Driver
C:/Users/Wanderson Pontes/Downloads/TESTE/md__-win-g3020_2-1_02-ea34_2\DrvSetup
C:/Users/Wanderson Pontes/Downloads/TESTE/md__-win-g3020_2-1_02-ea34_2\IJPAT
C:/Users/Wanderson Pontes/Downloads/TESTE/md__-win-g3020_2-1_02-ea34_2\LANUTIL
C:/Users/Wanderson Pontes/Downloads/TESTE/md__-win-g3020_2-1_02-ea34_2\README
C:/Users/Wanderson Pontes/Downloads/TESTE/md__-win-g3020_2-1_02-ea34_2\SCNUTIL
C:/Users/Wanderson Pontes/Downloads/TESTE/md__-win-g3020_2-1_02-ea34_2\DrvSetup\DELDRV
C:/Users/Wanderson Pontes/Downloads/TESTE/md__-win-g3020_2-1_02-ea34_2\DrvSetup\EULA
C:/Users/Wanderson Pontes/Downloads/TESTE/md__-win-g3020_2-1_02-ea34_2\DrvSetup\LIB
C:/Users/Wanderson Pontes/Downloads/TESTE/md__-win-g3020_2-1_02-ea34_2\DrvSetup\LIB64
C:/Users/Wanderson Pontes/Downloads/TESTE/md__-win-g3020_2-1_02-ea34_2\IJPAT\res
C:/Users/Wanderson Pontes/Downloads/TESTE/md__-win-g3020_2-1_02-ea34_2\IJPAT\res\EULA
C:/Users/Wanderson Pontes/Downloads/TESTE/md__-win-g3020_2-1_02-ea34_2\IJPAT\res\STRING
C:/Users/Wanderson Pontes/Downloads/TESTE/md__-win-g3020_2-1_02-ea34_2\LANUTIL\SELECTOR
C:/Users/Wanderson Pontes/Downloads/TESTE/md__-win-g3020_2-1_02-ea34_2\LANUTIL\SELECTOR\Res
C:/Users/Wanderson Pontes/Downloads/TESTE/md__-win-g3020_2-1_02-ea34_2\LANUTIL\SELECTOR\Res\EULA
C:/Users/Wanderson Pontes/Downloads/TESTE/md__-win-g3020_2-1_02-ea34_2\SCNUTIL\ScanUtility
C:/Users/Wanderson Pontes/Downloads/TESTE/md__-win-g3020_2-1_02-ea34_2\SCNUTIL\Twain
C:/Users/Wanderson Pontes/Downloads/TESTE/md__-win-g3020_2-1_02-ea34_2\SCNUTIL\ScanUtility\Res
C:/Users/Wanderson Pontes/Downloads/TESTE/md__-win-g3020_2-1_02-ea34_2\SCNUTIL\ScanUtility\SetEvent
C:/Users/Wanderson Pontes/Downloads/TESTE/md__-win-g3020_2-1_02-ea34_2\SCNUTIL\ScanUtility\Res\EULA
